[0m14:34:56.451905 [debug] [MainThread]: Sending event: {'category': 'dbt', 'action': 'invocation', 'label': 'start', 'context': [<snowplow_tracker.self_describing_json.SelfDescribingJson object at 0x00000270950AB400>, <snowplow_tracker.self_describing_json.SelfDescribingJson object at 0x0000027097E6DE80>, <snowplow_tracker.self_describing_json.SelfDescribingJson object at 0x0000027097E6DDC0>]}


============================== 14:34:56.455906 | 4bc98d26-0b77-42fd-9e1d-ca85e11eb381 ==============================
[0m14:34:56.455906 [info ] [MainThread]: Running with dbt=1.7.4
[0m14:34:56.456995 [debug] [MainThread]: running dbt with arguments {'printer_width': '80', 'indirect_selection': 'eager', 'write_json': 'True', 'log_cache_events': 'False', 'partial_parse': 'True', 'cache_selected_only': 'False', 'profiles_dir': 'C:\\Users\\Administrator\\.dbt', 'fail_fast': 'False', 'debug': 'False', 'log_path': 'logs', 'version_check': 'True', 'warn_error': 'None', 'use_colors': 'True', 'use_experimental_parser': 'False', 'no_print': 'None', 'quiet': 'False', 'log_format': 'default', 'static_parser': 'True', 'warn_error_options': 'WarnErrorOptions(include=[], exclude=[])', 'invocation_command': 'dbt init dbtlearn', 'target_path': 'None', 'introspect': 'True', 'send_anonymous_usage_stats': 'True'}
[0m14:34:56.459020 [debug] [MainThread]: Starter project path: C:\Users\Administrator\Documents\data-projects\dbt\course\venv\lib\site-packages\dbt\include\starter_project
[0m14:34:56.522220 [info ] [MainThread]: 
Your new dbt project "dbtlearn" was created!

For more information on how to configure the profiles.yml file,
please consult the dbt documentation here:

  https://docs.getdbt.com/docs/configure-your-profile

One more thing:

Need help? Don't hesitate to reach out to us via GitHub issues or on Slack:

  https://community.getdbt.com/

Happy modeling!

[0m14:34:56.524126 [info ] [MainThread]: Setting up your profile.
[0m14:37:01.333053 [info ] [MainThread]: Profile dbtlearn written to C:\Users\Administrator\.dbt\profiles.yml using target's profile_template.yml and your supplied values. Run 'dbt debug' to validate the connection.
[0m14:37:01.335137 [debug] [MainThread]: Command `dbt init` succeeded at 14:37:01.335137 after 124.90 seconds
[0m14:37:01.336145 [debug] [MainThread]: Sending event: {'category': 'dbt', 'action': 'invocation', 'label': 'end', 'context': [<snowplow_tracker.self_describing_json.SelfDescribingJson object at 0x00000270950AB400>, <snowplow_tracker.self_describing_json.SelfDescribingJson object at 0x0000027097E6DE80>, <snowplow_tracker.self_describing_json.SelfDescribingJson object at 0x0000027090FF8C10>]}
[0m14:37:01.336747 [debug] [MainThread]: Flushing usage events
[0m14:38:01.047887 [debug] [MainThread]: Sending event: {'category': 'dbt', 'action': 'invocation', 'label': 'start', 'context': [<snowplow_tracker.self_describing_json.SelfDescribingJson object at 0x000002A7E43FBE20>, <snowplow_tracker.self_describing_json.SelfDescribingJson object at 0x000002A7E71D24C0>, <snowplow_tracker.self_describing_json.SelfDescribingJson object at 0x000002A7E71D24F0>]}


============================== 14:38:01.051886 | ee8169a7-b866-4b4d-bdbc-72c3d4cf043c ==============================
[0m14:38:01.051886 [info ] [MainThread]: Running with dbt=1.7.4
[0m14:38:01.052935 [debug] [MainThread]: running dbt with arguments {'printer_width': '80', 'indirect_selection': 'eager', 'write_json': 'True', 'log_cache_events': 'False', 'partial_parse': 'True', 'cache_selected_only': 'False', 'warn_error': 'None', 'version_check': 'True', 'profiles_dir': 'C:\\Users\\Administrator\\.dbt', 'log_path': 'logs', 'fail_fast': 'False', 'debug': 'False', 'use_colors': 'True', 'use_experimental_parser': 'False', 'no_print': 'None', 'quiet': 'False', 'log_format': 'default', 'introspect': 'True', 'static_parser': 'True', 'invocation_command': 'dbt debug', 'target_path': 'None', 'warn_error_options': 'WarnErrorOptions(include=[], exclude=[])', 'send_anonymous_usage_stats': 'True'}
[0m14:38:01.053889 [info ] [MainThread]: dbt version: 1.7.4
[0m14:38:01.054886 [info ] [MainThread]: python version: 3.9.12
[0m14:38:01.055926 [info ] [MainThread]: python path: C:\Users\Administrator\Documents\data-projects\dbt\course\venv\Scripts\python.exe
[0m14:38:01.056520 [info ] [MainThread]: os info: Windows-10-10.0.22621-SP0
[0m14:38:01.355830 [info ] [MainThread]: Using profiles dir at C:\Users\Administrator\.dbt
[0m14:38:01.356771 [info ] [MainThread]: Using profiles.yml file at C:\Users\Administrator\.dbt\profiles.yml
[0m14:38:01.356771 [info ] [MainThread]: Using dbt_project.yml file at C:\Users\Administrator\Documents\data-projects\dbt\course\dbt_project.yml
[0m14:38:01.358780 [info ] [MainThread]: adapter type: snowflake
[0m14:38:01.359783 [info ] [MainThread]: adapter version: 1.7.1
[0m14:38:01.359783 [info ] [MainThread]: Configuration:
[0m14:38:01.360785 [info ] [MainThread]:   profiles.yml file [[32mOK found and valid[0m]
[0m14:38:01.361854 [info ] [MainThread]:   dbt_project.yml file [[31mERROR not found[0m]
[0m14:38:01.361854 [info ] [MainThread]: Required dependencies:
[0m14:38:01.362792 [debug] [MainThread]: Executing "git --help"
[0m14:38:01.398006 [debug] [MainThread]: STDOUT: "b"usage: git [-v | --version] [-h | --help] [-C <path>] [-c <name>=<value>]\n           [--exec-path[=<path>]] [--html-path] [--man-path] [--info-path]\n           [-p | --paginate | -P | --no-pager] [--no-replace-objects] [--bare]\n           [--git-dir=<path>] [--work-tree=<path>] [--namespace=<name>]\n           [--super-prefix=<path>] [--config-env=<name>=<envvar>]\n           <command> [<args>]\n\nThese are common Git commands used in various situations:\n\nstart a working area (see also: git help tutorial)\n   clone     Clone a repository into a new directory\n   init      Create an empty Git repository or reinitialize an existing one\n\nwork on the current change (see also: git help everyday)\n   add       Add file contents to the index\n   mv        Move or rename a file, a directory, or a symlink\n   restore   Restore working tree files\n   rm        Remove files from the working tree and from the index\n\nexamine the history and state (see also: git help revisions)\n   bisect    Use binary search to find the commit that introduced a bug\n   diff      Show changes between commits, commit and working tree, etc\n   grep      Print lines matching a pattern\n   log       Show commit logs\n   show      Show various types of objects\n   status    Show the working tree status\n\ngrow, mark and tweak your common history\n   branch    List, create, or delete branches\n   commit    Record changes to the repository\n   merge     Join two or more development histories together\n   rebase    Reapply commits on top of another base tip\n   reset     Reset current HEAD to the specified state\n   switch    Switch branches\n   tag       Create, list, delete or verify a tag object signed with GPG\n\ncollaborate (see also: git help workflows)\n   fetch     Download objects and refs from another repository\n   pull      Fetch from and integrate with another repository or a local branch\n   push      Update remote refs along with associated objects\n\n'git help -a' and 'git help -g' list available subcommands and some\nconcept guides. See 'git help <command>' or 'git help <concept>'\nto read about a specific subcommand or concept.\nSee 'git help git' for an overview of the system.\n""
[0m14:38:01.398006 [debug] [MainThread]: STDERR: "b''"
[0m14:38:01.399012 [info ] [MainThread]:  - git [[32mOK found[0m]

[0m14:38:01.399478 [info ] [MainThread]: Connection:
[0m14:38:01.400188 [info ] [MainThread]:   account: fdytduv-ly22575
[0m14:38:01.400188 [info ] [MainThread]:   user: dbt
[0m14:38:01.401469 [info ] [MainThread]:   database: AIRBNB
[0m14:38:01.401469 [info ] [MainThread]:   warehouse: COMPUTE_WH
[0m14:38:01.402475 [info ] [MainThread]:   role: transform
[0m14:38:01.403475 [info ] [MainThread]:   schema: DEV
[0m14:38:01.403475 [info ] [MainThread]:   authenticator: None
[0m14:38:01.404477 [info ] [MainThread]:   private_key_path: None
[0m14:38:01.405553 [info ] [MainThread]:   token: None
[0m14:38:01.406687 [info ] [MainThread]:   oauth_client_id: None
[0m14:38:01.406687 [info ] [MainThread]:   query_tag: None
[0m14:38:01.407687 [info ] [MainThread]:   client_session_keep_alive: False
[0m14:38:01.408726 [info ] [MainThread]:   host: None
[0m14:38:01.408726 [info ] [MainThread]:   port: None
[0m14:38:01.409683 [info ] [MainThread]:   proxy_host: None
[0m14:38:01.410683 [info ] [MainThread]:   proxy_port: None
[0m14:38:01.410683 [info ] [MainThread]:   protocol: None
[0m14:38:01.411704 [info ] [MainThread]:   connect_retries: 1
[0m14:38:01.411704 [info ] [MainThread]:   connect_timeout: None
[0m14:38:01.412684 [info ] [MainThread]:   retry_on_database_errors: False
[0m14:38:01.413194 [info ] [MainThread]:   retry_all: False
[0m14:38:01.414199 [info ] [MainThread]:   insecure_mode: False
[0m14:38:01.414199 [info ] [MainThread]:   reuse_connections: None
[0m14:38:01.414199 [info ] [MainThread]: Registered adapter: snowflake=1.7.1
[0m14:38:01.423075 [debug] [MainThread]: Acquiring new snowflake connection 'debug'
[0m14:38:01.424070 [debug] [MainThread]: Using snowflake connection "debug"
[0m14:38:01.424070 [debug] [MainThread]: On debug: select 1 as id
[0m14:38:01.424070 [debug] [MainThread]: Opening a new connection, currently in state init
[0m14:38:02.804325 [debug] [MainThread]: SQL status: SUCCESS 1 in 1.0 seconds
[0m14:38:02.807938 [debug] [MainThread]: On debug: Close
[0m14:38:03.101752 [info ] [MainThread]:   Connection test: [[32mOK connection ok[0m]

[0m14:38:03.102707 [info ] [MainThread]: [31m1 check failed:[0m
[0m14:38:03.103752 [info ] [MainThread]: Project loading failed for the following reason:
 project path <C:\Users\Administrator\Documents\data-projects\dbt\course\dbt_project.yml> not found

[0m14:38:03.105703 [debug] [MainThread]: Command `dbt debug` failed at 14:38:03.104708 after 2.13 seconds
[0m14:38:03.106208 [debug] [MainThread]: Connection 'debug' was properly closed.
[0m14:38:03.106208 [debug] [MainThread]: Sending event: {'category': 'dbt', 'action': 'invocation', 'label': 'end', 'context': [<snowplow_tracker.self_describing_json.SelfDescribingJson object at 0x000002A7E43FBE20>, <snowplow_tracker.self_describing_json.SelfDescribingJson object at 0x000002A7E7A2CCA0>, <snowplow_tracker.self_describing_json.SelfDescribingJson object at 0x000002A7E79CA7F0>]}
[0m14:38:03.107214 [debug] [MainThread]: Flushing usage events
[0m14:52:33.256658 [debug] [MainThread]: Sending event: {'category': 'dbt', 'action': 'invocation', 'label': 'start', 'context': [<snowplow_tracker.self_describing_json.SelfDescribingJson object at 0x000001D3D6B6E370>, <snowplow_tracker.self_describing_json.SelfDescribingJson object at 0x000001D3D9968BE0>, <snowplow_tracker.self_describing_json.SelfDescribingJson object at 0x000001D3D9968A60>]}


============================== 14:52:33.260770 | 1cdedeaa-2d7f-4b21-aab7-bc9284ab3072 ==============================
[0m14:52:33.260770 [info ] [MainThread]: Running with dbt=1.7.4
[0m14:52:33.261931 [debug] [MainThread]: running dbt with arguments {'printer_width': '80', 'indirect_selection': 'eager', 'log_cache_events': 'False', 'write_json': 'True', 'partial_parse': 'True', 'cache_selected_only': 'False', 'profiles_dir': 'C:\\Users\\Administrator\\.dbt', 'version_check': 'True', 'warn_error': 'None', 'log_path': 'logs', 'debug': 'False', 'fail_fast': 'False', 'use_colors': 'True', 'use_experimental_parser': 'False', 'no_print': 'None', 'quiet': 'False', 'log_format': 'default', 'introspect': 'True', 'static_parser': 'True', 'invocation_command': 'dbt debug', 'target_path': 'None', 'warn_error_options': 'WarnErrorOptions(include=[], exclude=[])', 'send_anonymous_usage_stats': 'True'}
[0m14:52:33.262940 [info ] [MainThread]: dbt version: 1.7.4
[0m14:52:33.263939 [info ] [MainThread]: python version: 3.9.12
[0m14:52:33.264939 [info ] [MainThread]: python path: C:\Users\Administrator\Documents\data-projects\dbt\course\venv\Scripts\python.exe
[0m14:52:33.265610 [info ] [MainThread]: os info: Windows-10-10.0.22621-SP0
[0m14:52:33.572790 [info ] [MainThread]: Using profiles dir at C:\Users\Administrator\.dbt
[0m14:52:33.574792 [info ] [MainThread]: Using profiles.yml file at C:\Users\Administrator\.dbt\profiles.yml
[0m14:52:33.574792 [info ] [MainThread]: Using dbt_project.yml file at C:\Users\Administrator\Documents\data-projects\dbt\course\dbt_project.yml
[0m14:52:33.577256 [info ] [MainThread]: adapter type: snowflake
[0m14:52:33.578283 [info ] [MainThread]: adapter version: 1.7.1
[0m14:52:33.579252 [info ] [MainThread]: Configuration:
[0m14:52:33.580352 [info ] [MainThread]:   profiles.yml file [[32mOK found and valid[0m]
[0m14:52:33.581254 [info ] [MainThread]:   dbt_project.yml file [[31mERROR not found[0m]
[0m14:52:33.582335 [info ] [MainThread]: Required dependencies:
[0m14:52:33.583253 [debug] [MainThread]: Executing "git --help"
[0m14:52:33.637812 [debug] [MainThread]: STDOUT: "b"usage: git [-v | --version] [-h | --help] [-C <path>] [-c <name>=<value>]\n           [--exec-path[=<path>]] [--html-path] [--man-path] [--info-path]\n           [-p | --paginate | -P | --no-pager] [--no-replace-objects] [--bare]\n           [--git-dir=<path>] [--work-tree=<path>] [--namespace=<name>]\n           [--super-prefix=<path>] [--config-env=<name>=<envvar>]\n           <command> [<args>]\n\nThese are common Git commands used in various situations:\n\nstart a working area (see also: git help tutorial)\n   clone     Clone a repository into a new directory\n   init      Create an empty Git repository or reinitialize an existing one\n\nwork on the current change (see also: git help everyday)\n   add       Add file contents to the index\n   mv        Move or rename a file, a directory, or a symlink\n   restore   Restore working tree files\n   rm        Remove files from the working tree and from the index\n\nexamine the history and state (see also: git help revisions)\n   bisect    Use binary search to find the commit that introduced a bug\n   diff      Show changes between commits, commit and working tree, etc\n   grep      Print lines matching a pattern\n   log       Show commit logs\n   show      Show various types of objects\n   status    Show the working tree status\n\ngrow, mark and tweak your common history\n   branch    List, create, or delete branches\n   commit    Record changes to the repository\n   merge     Join two or more development histories together\n   rebase    Reapply commits on top of another base tip\n   reset     Reset current HEAD to the specified state\n   switch    Switch branches\n   tag       Create, list, delete or verify a tag object signed with GPG\n\ncollaborate (see also: git help workflows)\n   fetch     Download objects and refs from another repository\n   pull      Fetch from and integrate with another repository or a local branch\n   push      Update remote refs along with associated objects\n\n'git help -a' and 'git help -g' list available subcommands and some\nconcept guides. See 'git help <command>' or 'git help <concept>'\nto read about a specific subcommand or concept.\nSee 'git help git' for an overview of the system.\n""
[0m14:52:33.638722 [debug] [MainThread]: STDERR: "b''"
[0m14:52:33.640725 [info ] [MainThread]:  - git [[32mOK found[0m]

[0m14:52:33.642722 [info ] [MainThread]: Connection:
[0m14:52:33.643727 [info ] [MainThread]:   account: fdytduv-ly22575
[0m14:52:33.644726 [info ] [MainThread]:   user: dbt
[0m14:52:33.646202 [info ] [MainThread]:   database: AIRBNB
[0m14:52:33.647195 [info ] [MainThread]:   warehouse: COMPUTE_WH
[0m14:52:33.649196 [info ] [MainThread]:   role: transform
[0m14:52:33.650201 [info ] [MainThread]:   schema: DEV
[0m14:52:33.651197 [info ] [MainThread]:   authenticator: None
[0m14:52:33.652201 [info ] [MainThread]:   private_key_path: None
[0m14:52:33.653201 [info ] [MainThread]:   token: None
[0m14:52:33.654775 [info ] [MainThread]:   oauth_client_id: None
[0m14:52:33.657021 [info ] [MainThread]:   query_tag: None
[0m14:52:33.660648 [info ] [MainThread]:   client_session_keep_alive: False
[0m14:52:33.661704 [info ] [MainThread]:   host: None
[0m14:52:33.662711 [info ] [MainThread]:   port: None
[0m14:52:33.664713 [info ] [MainThread]:   proxy_host: None
[0m14:52:33.666227 [info ] [MainThread]:   proxy_port: None
[0m14:52:33.667236 [info ] [MainThread]:   protocol: None
[0m14:52:33.668236 [info ] [MainThread]:   connect_retries: 1
[0m14:52:33.670235 [info ] [MainThread]:   connect_timeout: None
[0m14:52:33.671242 [info ] [MainThread]:   retry_on_database_errors: False
[0m14:52:33.673781 [info ] [MainThread]:   retry_all: False
[0m14:52:33.675802 [info ] [MainThread]:   insecure_mode: False
[0m14:52:33.677801 [info ] [MainThread]:   reuse_connections: None
[0m14:52:33.678802 [info ] [MainThread]: Registered adapter: snowflake=1.7.1
[0m14:52:33.680803 [debug] [MainThread]: Acquiring new snowflake connection 'debug'
[0m14:52:33.681810 [debug] [MainThread]: Using snowflake connection "debug"
[0m14:52:33.682813 [debug] [MainThread]: On debug: select 1 as id
[0m14:52:33.683808 [debug] [MainThread]: Opening a new connection, currently in state init
[0m14:52:35.068110 [debug] [MainThread]: SQL status: SUCCESS 1 in 1.0 seconds
[0m14:52:35.071114 [debug] [MainThread]: On debug: Close
[0m14:52:35.395096 [info ] [MainThread]:   Connection test: [[32mOK connection ok[0m]

[0m14:52:35.397649 [info ] [MainThread]: [31m1 check failed:[0m
[0m14:52:35.399640 [info ] [MainThread]: Project loading failed for the following reason:
 project path <C:\Users\Administrator\Documents\data-projects\dbt\course\dbt_project.yml> not found

[0m14:52:35.402639 [debug] [MainThread]: Command `dbt debug` failed at 14:52:35.402639 after 2.22 seconds
[0m14:52:35.404628 [debug] [MainThread]: Connection 'debug' was properly closed.
[0m14:52:35.405289 [debug] [MainThread]: Sending event: {'category': 'dbt', 'action': 'invocation', 'label': 'end', 'context': [<snowplow_tracker.self_describing_json.SelfDescribingJson object at 0x000001D3D6B6E370>, <snowplow_tracker.self_describing_json.SelfDescribingJson object at 0x000001D3DA156A90>, <snowplow_tracker.self_describing_json.SelfDescribingJson object at 0x000001D3DA1D3EB0>]}
[0m14:52:35.406149 [debug] [MainThread]: Flushing usage events
[0m09:35:51.883363 [debug] [MainThread]: Sending event: {'category': 'dbt', 'action': 'invocation', 'label': 'start', 'context': [<snowplow_tracker.self_describing_json.SelfDescribingJson object at 0x000001BAB6FBB400>, <snowplow_tracker.self_describing_json.SelfDescribingJson object at 0x000001BAB9DAC220>, <snowplow_tracker.self_describing_json.SelfDescribingJson object at 0x000001BAB9DAC910>]}


============================== 09:35:51.888934 | 22b1b1a1-d032-4a08-a7d4-52b2bb48151c ==============================
[0m09:35:51.888934 [info ] [MainThread]: Running with dbt=1.7.4
[0m09:35:51.890885 [debug] [MainThread]: running dbt with arguments {'printer_width': '80', 'indirect_selection': 'eager', 'log_cache_events': 'False', 'write_json': 'True', 'partial_parse': 'True', 'cache_selected_only': 'False', 'warn_error': 'None', 'debug': 'False', 'version_check': 'True', 'log_path': 'logs', 'fail_fast': 'False', 'profiles_dir': 'C:\\Users\\Administrator\\.dbt', 'use_colors': 'True', 'use_experimental_parser': 'False', 'no_print': 'None', 'quiet': 'False', 'log_format': 'default', 'introspect': 'True', 'warn_error_options': 'WarnErrorOptions(include=[], exclude=[])', 'invocation_command': 'dbt run', 'target_path': 'None', 'static_parser': 'True', 'send_anonymous_usage_stats': 'True'}
[0m09:35:51.890885 [error] [MainThread]: Encountered an error:
Runtime Error
  No dbt_project.yml found at expected path C:\Users\Administrator\Documents\data-projects\dbt\course\dbt_project.yml
  Verify that each entry within packages.yml (and their transitive dependencies) contains a file named dbt_project.yml
  
[0m09:35:51.894457 [debug] [MainThread]: Command `dbt run` failed at 09:35:51.894457 after 0.09 seconds
[0m09:35:51.894457 [debug] [MainThread]: Sending event: {'category': 'dbt', 'action': 'invocation', 'label': 'end', 'context': [<snowplow_tracker.self_describing_json.SelfDescribingJson object at 0x000001BAB6FBB400>, <snowplow_tracker.self_describing_json.SelfDescribingJson object at 0x000001BAB9DAC910>, <snowplow_tracker.self_describing_json.SelfDescribingJson object at 0x000001BAB9DAC970>]}
[0m09:35:51.895499 [debug] [MainThread]: Flushing usage events
